<?xml version="1.0" encoding="UTF-8"?>
<testsuite xmlns:xsi="http://www.w3.org/2001/XMLSchema-instance" xsi:noNamespaceSchemaLocation="https://maven.apache.org/surefire/maven-surefire-plugin/xsd/surefire-test-report-3.0.xsd" version="3.0" name="TestSuite" time="396.929" tests="10" errors="0" skipped="0" failures="1">
  <properties>
[...]
</properties>
  <testcase name="verifyRegisteringAccountWithoutFillingAnyDetails" classname="qa.testcases.SignupTest" time="19.757">
    <system-err><![CDATA[SLF4J: Failed to load class "org.slf4j.impl.StaticLoggerBinder".
SLF4J: Defaulting to no-operation (NOP) logger implementation
SLF4J: See http://www.slf4j.org/codes.html#StaticLoggerBinder for further details.
Apr 21, 2024 3:56:43 PM org.openqa.selenium.devtools.CdpVersionFinder findNearestMatch
WARNING: Unable to find an exact match for CDP version 123, returning the closest version; found: 120; Please update to a Selenium version that supports CDP version 123
]]></system-err>
  </testcase>
  <testcase name="verifyRegisteringAccountWithALlField" classname="qa.testcases.SignupTest" time="38.394">
    <system-err><![CDATA[Apr 21, 2024 3:57:12 PM org.openqa.selenium.devtools.CdpVersionFinder findNearestMatch
WARNING: Unable to find an exact match for CDP version 123, returning the closest version; found: 120; Please update to a Selenium version that supports CDP version 123
]]></system-err>
  </testcase>
  <testcase name="verifyRegisteringAccountWithALlFieldForStudent" classname="qa.testcases.SignupTest" time="42.967">
    <system-err><![CDATA[Apr 21, 2024 3:57:59 PM org.openqa.selenium.devtools.CdpVersionFinder findNearestMatch
WARNING: Unable to find an exact match for CDP version 123, returning the closest version; found: 120; Please update to a Selenium version that supports CDP version 123
]]></system-err>
  </testcase>
  <testcase name="verifyRegisteringAccountWithALlFieldForEmploy" classname="qa.testcases.SignupTest" time="42.12">
    <system-err><![CDATA[Apr 21, 2024 3:58:53 PM org.openqa.selenium.devtools.CdpVersionFinder findNearestMatch
WARNING: Unable to find an exact match for CDP version 123, returning the closest version; found: 120; Please update to a Selenium version that supports CDP version 123
]]></system-err>
  </testcase>
  <testcase name="verifyRegisteringAccountWithoutTryDifferentPassword" classname="qa.testcases.SignupTest" time="45.337">
    <system-err><![CDATA[Apr 21, 2024 3:59:47 PM org.openqa.selenium.devtools.CdpVersionFinder findNearestMatch
WARNING: Unable to find an exact match for CDP version 123, returning the closest version; found: 120; Please update to a Selenium version that supports CDP version 123
]]></system-err>
  </testcase>
  <testcase name="verifyRegisteringAccountWithoutTryDifferentPasswordFailCase" classname="qa.testcases.SignupTest" time="43.153">
    <failure message="Email Warrning is not displayed expected [Password must match11] but found [Password must match]" type="java.lang.AssertionError"><![CDATA[java.lang.AssertionError: Email Warrning is not displayed expected [Password must match11] but found [Password must match]
	at org.testng.Assert.fail(Assert.java:110)
	at org.testng.Assert.failNotEquals(Assert.java:1413)
	at org.testng.Assert.assertEqualsImpl(Assert.java:149)
	at org.testng.Assert.assertEquals(Assert.java:131)
	at org.testng.Assert.assertEquals(Assert.java:655)
	at qa.testcases.SignupTest.verifyRegisteringAccountWithoutTryDifferentPasswordFailCase(SignupTest.java:78)
	at java.base/jdk.internal.reflect.NativeMethodAccessorImpl.invoke0(Native Method)
	at java.base/jdk.internal.reflect.NativeMethodAccessorImpl.invoke(NativeMethodAccessorImpl.java:77)
	at java.base/jdk.internal.reflect.DelegatingMethodAccessorImpl.invoke(DelegatingMethodAccessorImpl.java:43)
	at java.base/java.lang.reflect.Method.invoke(Method.java:568)
	at org.testng.internal.invokers.MethodInvocationHelper.invokeMethod(MethodInvocationHelper.java:139)
	at org.testng.internal.invokers.TestInvoker.invokeMethod(TestInvoker.java:677)
	at org.testng.internal.invokers.TestInvoker.invokeTestMethod(TestInvoker.java:221)
	at org.testng.internal.invokers.MethodRunner.runInSequence(MethodRunner.java:50)
	at org.testng.internal.invokers.TestInvoker$MethodInvocationAgent.invoke(TestInvoker.java:962)
	at org.testng.internal.invokers.TestInvoker.invokeTestMethods(TestInvoker.java:194)
	at org.testng.internal.invokers.TestMethodWorker.invokeTestMethods(TestMethodWorker.java:148)
	at org.testng.internal.invokers.TestMethodWorker.run(TestMethodWorker.java:128)
	at java.base/java.util.ArrayList.forEach(ArrayList.java:1511)
	at org.testng.TestRunner.privateRun(TestRunner.java:806)
	at org.testng.TestRunner.run(TestRunner.java:601)
	at org.testng.SuiteRunner.runTest(SuiteRunner.java:433)
	at org.testng.SuiteRunner.runSequentially(SuiteRunner.java:427)
	at org.testng.SuiteRunner.privateRun(SuiteRunner.java:387)
	at org.testng.SuiteRunner.run(SuiteRunner.java:330)
	at org.testng.SuiteRunnerWorker.runSuite(SuiteRunnerWorker.java:52)
	at org.testng.SuiteRunnerWorker.run(SuiteRunnerWorker.java:95)
	at org.testng.TestNG.runSuitesSequentially(TestNG.java:1256)
	at org.testng.TestNG.runSuitesLocally(TestNG.java:1176)
	at org.testng.TestNG.runSuites(TestNG.java:1099)
	at org.testng.TestNG.run(TestNG.java:1067)
	at org.apache.maven.surefire.testng.TestNGExecutor.run(TestNGExecutor.java:308)
	at org.apache.maven.surefire.testng.TestNGXmlTestSuite.execute(TestNGXmlTestSuite.java:71)
	at org.apache.maven.surefire.testng.TestNGProvider.invoke(TestNGProvider.java:113)
	at org.apache.maven.surefire.booter.ForkedBooter.runSuitesInProcess(ForkedBooter.java:385)
	at org.apache.maven.surefire.booter.ForkedBooter.execute(ForkedBooter.java:162)
	at org.apache.maven.surefire.booter.ForkedBooter.run(ForkedBooter.java:507)
	at org.apache.maven.surefire.booter.ForkedBooter.main(ForkedBooter.java:495)
]]></failure>
    <system-err><![CDATA[Apr 21, 2024 4:00:44 PM org.openqa.selenium.devtools.CdpVersionFinder findNearestMatch
WARNING: Unable to find an exact match for CDP version 123, returning the closest version; found: 120; Please update to a Selenium version that supports CDP version 123
]]></system-err>
  </testcase>
  <testcase name="TotalLinkTest" classname="qa.testcases.SignUpRegPageUrlTest" time="0.31">
    <system-out><![CDATA[Total anchor tags are: 10
Link on page is: https://qaforum-stage-frontend.rultest3.com/
Text of link is: 
Link on page is: https://qaforum-stage-frontend.rultest3.com/
Text of link is: Home
Link on page is: https://qaforum-stage-frontend.rultest3.com/category
Text of link is: Category
Link on page is: https://qaforum-stage-frontend.rultest3.com/about
Text of link is: About Us
Link on page is: https://riseuplabs.com/qa/
Text of link is: Hire QA
Link on page is: https://admagic.riseuplabs.com/redirect/link/39
Text of link is: 
Link on page is: https://qaforum-stage-frontend.rultest3.com/
Text of link is: 
Link on page is: mailto:support@qabrains.com
Text of link is: support@qabrains.com
Link on page is: https://riseuplabs.com/qa/
Text of link is: HIRE
QA
Link on page is: https://riseuplabs.com/
Text of link is: RISEUP LABS
]]></system-out>
    <system-err><![CDATA[Apr 21, 2024 4:01:38 PM org.openqa.selenium.devtools.CdpVersionFinder findNearestMatch
WARNING: Unable to find an exact match for CDP version 123, returning the closest version; found: 120; Please update to a Selenium version that supports CDP version 123
]]></system-err>
  </testcase>
  <testcase name="AllUrlTest" classname="qa.testcases.SignUpRegPageUrlTest" time="79.081">
    <system-out><![CDATA[Navigating to URL: https://qaforum-stage-frontend.rultest3.com/
Navigating to URL: https://qaforum-stage-frontend.rultest3.com/
Navigating to URL: https://qaforum-stage-frontend.rultest3.com/category
Navigating to URL: https://qaforum-stage-frontend.rultest3.com/about
Navigating to URL: https://riseuplabs.com/qa/
Navigating to URL: https://admagic.riseuplabs.com/redirect/link/39
Navigating to URL: https://qaforum-stage-frontend.rultest3.com/
Navigating to URL: mailto:support@qabrains.com
Navigating to URL: https://riseuplabs.com/qa/
Navigating to URL: https://riseuplabs.com/
]]></system-out>
  </testcase>
  <testcase name="verifyWebpageTextSizeAndFontName" classname="qa.testcases.PageTextSizeAutomation" time="1.624">
    <system-out><![CDATA[Text: Home, Font Size: 16px, Font Name: Questrial, sans-serif

Text: Category, Font Size: 16px, Font Name: Questrial, sans-serif

Text: About Us, Font Size: 16px, Font Name: Questrial, sans-serif

Text: Hire QA, Font Size: 16px, Font Name: Oswald, sans-serif

Text: Write, Font Size: 16px, Font Name: Oswald, sans-serif

Text: Sign, Font Size: 16px, Font Name: Oswald, sans-serif

Text: In, Font Size: 16px, Font Name: Oswald, sans-serif

Text: ‌, Font Size: 16px, Font Name: Oswald, sans-serif

Text: YOUR INSTANT FIX FOR EVERYDAY DILEMMAS, Font Size: 24px, Font Name: Oswald, sans-serif

Text: Your Quick Answers, Simplified Solutions, Font Size: 18px, Font Name: Questrial, sans-serif

Text: QA Brains is the ideal space to exchange knowledge, seek advice, and engage in meaningful conversations that advance the Quality Assurance tester's skill., Font Size: 14px, Font Name: Questrial, sans-serif

Text: For Support, Font Size: 14px, Font Name: Questrial, sans-serif

Text: support@qabrains.com, Font Size: 16px, Font Name: Questrial, sans-serif

Text: Looking For QA?, Font Size: 22px, Font Name: Oswald, sans-serif

Text: Find the perfect QA solution for your needs to ensure its functionality, performance, and security to ensure a smooth and reliable user experience., Font Size: 14px, Font Name: Questrial, sans-serif

Text: HIRE, Font Size: 16px, Font Name: Questrial, sans-serif

Text: QA, Font Size: 16px, Font Name: Questrial, sans-serif

Text: © 2024 QA Brains | All Rights Reserved, Font Size: 16px, Font Name: Questrial, sans-serif

Text: Designed & Developed by RISEUP LABS, Font Size: 13px, Font Name: Questrial, sans-serif

Text: RISEUP LABS, Font Size: 13px, Font Name: IndustryIncBase

Text: UP, Font Size: 13px, Font Name: IndustryIncBase

]]></system-out>
    <system-err><![CDATA[Apr 21, 2024 4:03:05 PM org.openqa.selenium.devtools.CdpVersionFinder findNearestMatch
WARNING: Unable to find an exact match for CDP version 123, returning the closest version; found: 120; Please update to a Selenium version that supports CDP version 123
]]></system-err>
  </testcase>
  <testcase name="verifyPageColor" classname="qa.testcases.PageTextSizeAutomation" time="2.47">
    <system-out><![CDATA[White
Blue
Black
]]></system-out>
  </testcase>
</testsuite>